Mon Oct 02 16:41:59 BRT 2017 : Apache Derby Network Server - 10.10.2.0 - (1582446) started and ready to accept connections on port 1527
----------------------------------------------------------------
Mon Oct 02 16:41:59 BRT 2017:
Booting Derby version The Apache Software Foundation - Apache Derby - 10.10.2.0 - (1582446): instance a816c00e-015e-de9b-d7fa-000014679110 
on database directory /Users/fabiomarquesim/Documents/Munka_All/Munka/Munka_WebApp/db/MunkaDB with class loader sun.misc.Launcher$AppClassLoader@66d3c617 
Loaded from file:/Applications/NetBeans/glassfish-4.1.1/javadb/lib/derby.jar
java.vendor=Oracle Corporation
java.runtime.version=1.8.0_131-b11
user.dir=/Applications/NetBeans/glassfish-4.1.1/javadb
os.name=Mac OS X
os.arch=x86_64
os.version=10.12.6
derby.system.home=/Users/fabiomarquesim/Documents/Munka_All/Munka/Munka_WebApp/db
Database Class Loader started - derby.database.classpath=''
----------------------------------------------------------------
Mon Oct 02 16:42:03 BRT 2017:
Shutting down instance a816c00e-015e-de9b-d7fa-000014679110 on database directory /Users/fabiomarquesim/Documents/Munka_All/Munka/Munka_WebApp/db/MunkaDB with class loader sun.misc.Launcher$AppClassLoader@66d3c617 
Mon Oct 02 16:42:03 BRT 2017 Thread[DRDAConnThread_3,5,main] (DATABASE = MunkaDB), (DRDAID = {2}), Database 'MunkaDB' shutdown.
----------------------------------------------------------------
Mon Oct 02 16:42:22 BRT 2017:
Booting Derby version The Apache Software Foundation - Apache Derby - 10.10.2.0 - (1582446): instance 560740aa-015e-de9b-d7fa-000014679110 
on database directory /Users/fabiomarquesim/Documents/Munka_All/Munka/Munka_WebApp/db/MunkaDB with class loader sun.misc.Launcher$AppClassLoader@66d3c617 
Loaded from file:/Applications/NetBeans/glassfish-4.1.1/javadb/lib/derby.jar
java.vendor=Oracle Corporation
java.runtime.version=1.8.0_131-b11
user.dir=/Applications/NetBeans/glassfish-4.1.1/javadb
os.name=Mac OS X
os.arch=x86_64
os.version=10.12.6
derby.system.home=/Users/fabiomarquesim/Documents/Munka_All/Munka/Munka_WebApp/db
Database Class Loader started - derby.database.classpath=''
